Arguments: 
  C:\Program Files\nodejs\node.exe C:\Program Files (x86)\Yarn\bin\yarn.js add cookie-parser

PATH: 
  C:\Windows\system32;C:\Windows;C:\Windows\System32\Wbem;C:\Windows\System32\WindowsPowerShell\v1.0\;C:\Program Files\Git\cmd;C:\Program Files\php-8.1;C:\Program Files\nodejs\;C:\Program Files (x86)\Yarn\bin\;C:\composer;C:\Program Files\Git\mingw64\bin;C:\Users\Mohamed Awde\AppData\Roaming\npm;C:\Program Files\MySQL\MySQL Shell 8.0\bin\; C:\Program Files\Git\mingw64\bin\;C:\Users\Mohamed Awde\AppData\Local\Programs\Microsoft VS Code\bin

Yarn version: 
  1.22.19

Node version: 
  16.18.0

Platform: 
  win32 x64

Trace: 
  Error: connect ETIMEDOUT 104.16.26.35:443
      at TCPConnectWrap.afterConnect [as oncomplete] (node:net:1278:16)

npm manifest: 
  {
    "name": "backend",
    "version": "1.0.0",
    "main": "index.js",
    "license": "MIT"
  }

yarn manifest: 
  No manifest

Lockfile: 
  No lockfile
